<?xml version="1.0" encoding="UTF-8"?>
<testsuite xmlns:xsi="http://www.w3.org/2001/XMLSchema-instance" xsi:noNamespaceSchemaLocation="https://maven.apache.org/surefire/maven-surefire-plugin/xsd/surefire-test-report-3.0.xsd" version="3.0" name="SomeCodeTest" time="0.035" tests="2" errors="0" skipped="0" failures="0">
  <properties>
[...]
</properties>
  <testcase name="someFunc in SomeCode calculates square" classname="co.helmethair.scalatest.example.SomeCodeTest" time="0.028"/>
  <testcase name="someFunc in SomeCode returns &apos;0&apos; for 0 input" classname="co.helmethair.scalatest.example.SomeCodeTest" time="0"/>
</testsuite>