<?xml version="1.0" encoding="UTF-8"?>
<testsuite xmlns:xsi="http://www.w3.org/2001/XMLSchema-instance" xsi:noNamespaceSchemaLocation="https://maven.apache.org/surefire/maven-surefire-plugin/xsd/surefire-test-report-3.0.xsd" version="3.0" name="scalatest" time="0.007" tests="1" errors="1" skipped="0" failures="0">
  <properties>
[...]
</properties>
  <testcase name="Failed to load test from co.helmethair.scalatest.example.SomeCodeTest: &apos;org.scalatest.exceptions.DuplicateTestNameException was thrown inside describe{&quot;someFunc in SomeCode&quot;}, construction cannot continue: &quot;Duplicate test name: someFunc in SomeCode returns &apos;0&apos; for 0 input&quot;&apos;" classname="scalatest" time="0.005">
    <error message="org.scalatest.exceptions.DuplicateTestNameException was thrown inside describe(&quot;someFunc in SomeCode&quot;), construction cannot continue: &quot;Duplicate test name: someFunc in SomeCode returns &apos;0&apos; for 0 input&quot;" type="org.scalatest.exceptions.NotAllowedException"><![CDATA[org.scalatest.exceptions.NotAllowedException: org.scalatest.exceptions.DuplicateTestNameException was thrown inside describe("someFunc in SomeCode"), construction cannot continue: "Duplicate test name: someFunc in SomeCode returns '0' for 0 input"
	at co.helmethair.scalatest.example.SomeCodeTest.<init>(SomeCodeTest.scala:7)
Caused by: org.scalatest.exceptions.DuplicateTestNameException: Duplicate test name: someFunc in SomeCode returns '0' for 0 input
	at co.helmethair.scalatest.example.SomeCodeTest.$anonfun$new$1(SomeCodeTest.scala:16)
	at co.helmethair.scalatest.example.SomeCodeTest.<init>(SomeCodeTest.scala:7)
]]></error>
    <system-out><![CDATA[
 +-------------------------------------------------------------------------------+
 | WARNING:                                                                      |
 | The junit-platform-surefire-provider has been deprecated and is scheduled to  |
 | be removed in JUnit Platform 1.4. Please use the built-in support in Maven    |
 | Surefire >= 2.22.0 instead.                                                   |
 | » https://junit.org/junit5/docs/current/user-guide/#running-tests-build-maven |
 +-------------------------------------------------------------------------------+

]]></system-out>
  </testcase>
</testsuite>